<?xml version="1.0" encoding="UTF-8"?>
<!-- Generated by org.testng.reporters.JUnitXMLReporter -->
<testsuite hostname="LAPTOP-P4EEPPJ9" ignored="0" name="Default test" tests="6" failures="0" timestamp="13 Aug 2017 19:15:16 GMT" time="2.14" errors="0">
  <testcase name="testMethod0" time="2.098" classname="com.alg.mvnproject.test1"/>
  <testcase name="testMethod1" time="0.008" classname="com.alg.mvnproject.test1"/>
  <testcase name="testMethod2" time="0.004" classname="com.alg.mvnproject.test1"/>
  <testcase name="testMethod3" time="0.004" classname="com.alg.mvnproject.test1"/>
  <testcase name="testMethod4" time="0.0" classname="com.alg.mvnproject.test1"/>
  <testcase name="testMethod5" time="0.004" classname="com.alg.mvnproject.test1"/>
</testsuite> <!-- Default test -->
