<?xml version="1.0" encoding="UTF-8"?>
<testng-results skipped="0" failed="0" ignored="0" total="6" passed="6">
  <reporter-output>
  </reporter-output>
  <suite name="Default suite" duration-ms="2140" started-at="2017-08-13T19:15:14Z" finished-at="2017-08-13T19:15:16Z">
    <groups>
    </groups>
    <test name="Default test" duration-ms="2140" started-at="2017-08-13T19:15:14Z" finished-at="2017-08-13T19:15:16Z">
      <class name="com.alg.mvnproject.test1">
        <test-method status="PASS" signature="testMethod0()[pri:0, instance:com.alg.mvnproject.test1@48b67364]" name="testMethod0" duration-ms="2098" started-at="2017-08-13T15:15:14Z" finished-at="2017-08-13T15:15:16Z">
          <reporter-output>
          </reporter-output>
        </test-method> <!-- testMethod0 -->
        <test-method status="PASS" signature="testMethod1()[pri:0, instance:com.alg.mvnproject.test1@48b67364]" name="testMethod1" duration-ms="8" started-at="2017-08-13T15:15:16Z" finished-at="2017-08-13T15:15:16Z">
          <reporter-output>
          </reporter-output>
        </test-method> <!-- testMethod1 -->
        <test-method status="PASS" signature="testMethod2()[pri:0, instance:com.alg.mvnproject.test1@48b67364]" name="testMethod2" duration-ms="4" started-at="2017-08-13T15:15:16Z" finished-at="2017-08-13T15:15:16Z">
          <reporter-output>
          </reporter-output>
        </test-method> <!-- testMethod2 -->
        <test-method status="PASS" signature="testMethod3()[pri:0, instance:com.alg.mvnproject.test1@48b67364]" name="testMethod3" duration-ms="4" started-at="2017-08-13T15:15:16Z" finished-at="2017-08-13T15:15:16Z">
          <reporter-output>
          </reporter-output>
        </test-method> <!-- testMethod3 -->
        <test-method status="PASS" signature="testMethod5()[pri:0, instance:com.alg.mvnproject.test1@48b67364]" name="testMethod5" duration-ms="4" started-at="2017-08-13T15:15:16Z" finished-at="2017-08-13T15:15:16Z">
          <reporter-output>
          </reporter-output>
        </test-method> <!-- testMethod5 -->
        <test-method status="PASS" signature="testMethod4()[pri:0, instance:com.alg.mvnproject.test1@48b67364]" name="testMethod4" duration-ms="0" started-at="2017-08-13T15:15:16Z" finished-at="2017-08-13T15:15:16Z">
          <reporter-output>
          </reporter-output>
        </test-method> <!-- testMethod4 -->
      </class> <!-- com.alg.mvnproject.test1 -->
    </test> <!-- Default test -->
  </suite> <!-- Default suite -->
</testng-results>
